生成启动时间为 2017/7/12 23:11:39。
     1>项目“D:\Documents\Visual Studio 2010\Projects\Task6\Task6\Task6.vcxproj”在节点 2 上(build 个目标)。
     1>InitializeBuildStatus:
         正在创建“Debug\Task6.unsuccessfulbuild”，因为已指定“AlwaysCreate”。
       ClCompile:
         所有输出均为最新。
         c:\Program Files (x86)\Microsoft Visual Studio 10.0\VC\bin\CL.exe /c /ZI /nologo /W3 /WX- /Od /Oy- /D WIN32 /D _WINDOWS /D _DEBUG /D _UNICODE /D UNICODE /D _AFXDLL /Gm /EHsc /RTC1 /MDd /GS /fp:precise /Zc:wchar_t /Zc:forScope /Yu"StdAfx.h" /Fp"Debug\Task6.pch" /Fo"Debug\\" /Fd"Debug\vc100.pdb" /Gd /TP /analyze- /errorReport:prompt Task6Dlg.cpp
         Task6Dlg.cpp
     1>d:\documents\visual studio 2010\projects\task6\task6\task6dlg.cpp(205): warning C4244: “参数”: 从“float”转换到“int”，可能丢失数据
     1>d:\documents\visual studio 2010\projects\task6\task6\task6dlg.cpp(205): warning C4244: “参数”: 从“float”转换到“int”，可能丢失数据
     1>d:\documents\visual studio 2010\projects\task6\task6\task6dlg.cpp(371): warning C4018: “<”: 有符号/无符号不匹配
     1>d:\documents\visual studio 2010\projects\task6\task6\task6dlg.cpp(396): warning C4244: “参数”: 从“int”转换到“float”，可能丢失数据
     1>d:\documents\visual studio 2010\projects\task6\task6\task6dlg.cpp(397): warning C4244: “参数”: 从“int”转换到“float”，可能丢失数据
     1>d:\documents\visual studio 2010\projects\task6\task6\task6dlg.cpp(399): warning C4244: “参数”: 从“double”转换到“float”，可能丢失数据
     1>d:\documents\visual studio 2010\projects\task6\task6\task6dlg.cpp(399): warning C4244: “参数”: 从“double”转换到“float”，可能丢失数据
     1>d:\documents\visual studio 2010\projects\task6\task6\task6dlg.cpp(400): warning C4244: “参数”: 从“double”转换到“float”，可能丢失数据
     1>d:\documents\visual studio 2010\projects\task6\task6\task6dlg.cpp(400): warning C4244: “参数”: 从“double”转换到“float”，可能丢失数据
     1>d:\documents\visual studio 2010\projects\task6\task6\task6dlg.cpp(401): warning C4244: “参数”: 从“double”转换到“float”，可能丢失数据
     1>d:\documents\visual studio 2010\projects\task6\task6\task6dlg.cpp(401): warning C4244: “参数”: 从“double”转换到“float”，可能丢失数据
       ResourceCompile:
         所有输出均为最新。
       ManifestResourceCompile:
         所有输出均为最新。
       Link:
         c:\Program Files (x86)\Microsoft Visual Studio 10.0\VC\bin\link.exe /ERRORREPORT:PROMPT /OUT:"D:\Documents\Visual Studio 2010\Projects\Task6\Debug\Task6.exe" /INCREMENTAL /NOLOGO opencv_ml249d.lib opencv_calib3d249d.lib opencv_contrib249d.lib opencv_core249d.lib opencv_features2d249d.lib opencv_flann249d.lib opencv_gpu249d.lib opencv_highgui249d.lib opencv_imgproc249d.lib opencv_legacy249d.lib opencv_objdetect249d.lib opencv_ts249d.lib opencv_video249d.lib opencv_nonfree249d.lib opencv_ocl249d.lib opencv_photo249d.lib opencv_stitching249d.lib opencv_superres249d.lib opencv_videostab249d.lib opencv_objdetect249.lib opencv_ts249.lib opencv_video249.lib opencv_nonfree249.lib opencv_ocl249.lib opencv_photo249.lib opencv_stitching249.lib opencv_superres249.lib opencv_videostab249.lib opencv_calib3d249.lib opencv_contrib249.lib opencv_core249.lib opencv_features2d249.lib opencv_flann249.lib opencv_gpu249.lib opencv_highgui249.lib opencv_imgproc249.lib opencv_legacy249.lib opencv_ml249.lib /MANIFEST /ManifestFile:"Debug\Task6.exe.intermediate.manifest" /MANIFESTUAC:"level='asInvoker' uiAccess='false'" /DEBUG /PDB:"D:\Documents\Visual Studio 2010\Projects\Task6\Debug\Task6.pdb" /SUBSYSTEM:WINDOWS /TLBID:1 /ENTRY:"wWinMainCRTStartup" /DYNAMICBASE /NXCOMPAT /IMPLIB:"D:\Documents\Visual Studio 2010\Projects\Task6\Debug\Task6.lib" /MACHINE:X86 Debug\Task6.res
         Debug\Task6.exe.embed.manifest.res
         Debug\stdafx.obj
         Debug\Task6.obj
         Debug\Task6Dlg.obj
       Manifest:
         c:\Program Files (x86)\Microsoft SDKs\Windows\v7.0A\bin\mt.exe /nologo /verbose /out:"Debug\Task6.exe.embed.manifest" /manifest Debug\Task6.exe.intermediate.manifest "c:\Program Files (x86)\Microsoft Visual Studio 10.0\VC\Include\Manifest\dpiaware.manifest"
         所有输出均为最新。
       LinkEmbedManifest:
         所有输出均为最新。
         Task6.vcxproj -> D:\Documents\Visual Studio 2010\Projects\Task6\Debug\Task6.exe
       FinalizeBuildStatus:
         正在删除文件“Debug\Task6.unsuccessfulbuild”。
         正在对“Debug\Task6.lastbuildstate”执行 Touch 任务。
     1>已完成生成项目“D:\Documents\Visual Studio 2010\Projects\Task6\Task6\Task6.vcxproj”(build 个目标)的操作。

生成成功。

已用时间 00:00:01.79
